<?xml version="1.0" encoding="UTF-8"?>
<!-- Generated by org.testng.reporters.JUnitXMLReporter -->
<testsuite hostname="DLLB0015" name="Command line test" tests="15" failures="0" timestamp="13 Dec 2013 12:59:00 GMT" time="275.947" errors="0">
  <testcase name="setup" time="14.924" classname="com.qait.ACSAutomation.Test.CR1StrategicPlanningQuestionFinal_Test"/>
  <testcase name="launchDashboardPage" time="12.74" classname="com.qait.ACSAutomation.Test.CR1StrategicPlanningQuestionFinal_Test"/>
  <testcase name="verifyLoginPage" time="1.288" classname="com.qait.ACSAutomation.Test.CR1StrategicPlanningQuestionFinal_Test"/>
  <testcase name="loginToApplication" time="18.122" classname="com.qait.ACSAutomation.Test.CR1StrategicPlanningQuestionFinal_Test"/>
  <testcase name="verifyLandingPage" time="0.114" classname="com.qait.ACSAutomation.Test.CR1StrategicPlanningQuestionFinal_Test"/>
  <testcase name="clickOnAnnualReportTab" time="10.221" classname="com.qait.ACSAutomation.Test.CR1StrategicPlanningQuestionFinal_Test"/>
  <testcase name="verifyAnnualReportTabLoaded" time="0.016" classname="com.qait.ACSAutomation.Test.CR1StrategicPlanningQuestionFinal_Test"/>
  <testcase name="verifyStrategicPlanningQuestionDisplayForLS" time="20.065" classname="com.qait.ACSAutomation.Test.CR1StrategicPlanningQuestionFinal_Test"/>
  <testcase name="userAllowToAddTheEvent" time="39.459" classname="com.qait.ACSAutomation.Test.CR1StrategicPlanningQuestionFinal_Test"/>
  <testcase name="verifyStrategicPlanningQuestionDisplayForTD" time="27.493" classname="com.qait.ACSAutomation.Test.CR1StrategicPlanningQuestionFinal_Test"/>
  <testcase name="verifyEventCreatedAndListedBelowEventHeading" time="20.507" classname="com.qait.ACSAutomation.Test.CR1StrategicPlanningQuestionFinal_Test"/>
  <testcase name="verifyQuestionsDisplayUnderAddedEvent" time="7.642" classname="com.qait.ACSAutomation.Test.CR1StrategicPlanningQuestionFinal_Test"/>
  <testcase name="verifyEditTabAllowUserToEditEvent" time="18.176" classname="com.qait.ACSAutomation.Test.CR1StrategicPlanningQuestionFinal_Test"/>
  <testcase name="verifyUserAllowedEditFromDropDown" time="33.31" classname="com.qait.ACSAutomation.Test.CR1StrategicPlanningQuestionFinal_Test"/>
  <testcase name="verifyQuestionsDisplayForPastYear" time="51.844" classname="com.qait.ACSAutomation.Test.CR1StrategicPlanningQuestionFinal_Test"/>
</testsuite> <!-- Command line test -->
