<?xml version="1.0" encoding="UTF-8" ?>
<testsuite failures="0" time="277.568" errors="0" skipped="0" tests="15" name="com.qait.ACSAutomation.Test.CR1StrategicPlanningQuestionFinal_Test">
  <properties>
[...]
</properties>
  <testcase time="14.923" classname="com.qait.ACSAutomation.Test.CR1StrategicPlanningQuestionFinal_Test" name="setup"/>
  <testcase time="12.751" classname="com.qait.ACSAutomation.Test.CR1StrategicPlanningQuestionFinal_Test" name="launchDashboardPage"/>
  <testcase time="1.267" classname="com.qait.ACSAutomation.Test.CR1StrategicPlanningQuestionFinal_Test" name="verifyLoginPage"/>
  <testcase time="18.123" classname="com.qait.ACSAutomation.Test.CR1StrategicPlanningQuestionFinal_Test" name="loginToApplication"/>
  <testcase time="0.115" classname="com.qait.ACSAutomation.Test.CR1StrategicPlanningQuestionFinal_Test" name="verifyLandingPage"/>
  <testcase time="10.221" classname="com.qait.ACSAutomation.Test.CR1StrategicPlanningQuestionFinal_Test" name="clickOnAnnualReportTab"/>
  <testcase time="0.017" classname="com.qait.ACSAutomation.Test.CR1StrategicPlanningQuestionFinal_Test" name="verifyAnnualReportTabLoaded"/>
  <testcase time="20.065" classname="com.qait.ACSAutomation.Test.CR1StrategicPlanningQuestionFinal_Test" name="verifyStrategicPlanningQuestionDisplayForLS"/>
  <testcase time="39.459" classname="com.qait.ACSAutomation.Test.CR1StrategicPlanningQuestionFinal_Test" name="userAllowToAddTheEvent"/>
  <testcase time="27.492" classname="com.qait.ACSAutomation.Test.CR1StrategicPlanningQuestionFinal_Test" name="verifyStrategicPlanningQuestionDisplayForTD"/>
  <testcase time="20.506" classname="com.qait.ACSAutomation.Test.CR1StrategicPlanningQuestionFinal_Test" name="verifyEventCreatedAndListedBelowEventHeading"/>
  <testcase time="7.642" classname="com.qait.ACSAutomation.Test.CR1StrategicPlanningQuestionFinal_Test" name="verifyQuestionsDisplayUnderAddedEvent"/>
  <testcase time="18.177" classname="com.qait.ACSAutomation.Test.CR1StrategicPlanningQuestionFinal_Test" name="verifyEditTabAllowUserToEditEvent"/>
  <testcase time="33.309" classname="com.qait.ACSAutomation.Test.CR1StrategicPlanningQuestionFinal_Test" name="verifyUserAllowedEditFromDropDown"/>
  <testcase time="51.844" classname="com.qait.ACSAutomation.Test.CR1StrategicPlanningQuestionFinal_Test" name="verifyQuestionsDisplayForPastYear"/>
</testsuite>