<?xml version="1.0" encoding="UTF-8"?>
<testng-results skipped="0" failed="0" total="15" passed="15">
  <reporter-output>
    <line>
      <![CDATA[ ########## Start browser session STARTS ###########]]>
    </line>
    <line>
      <![CDATA[ ########## Start browser session ENDS ###########]]>
    </line>
    <line>
      <![CDATA[ ########## Launch ACS Home page STARTS ###########]]>
    </line>
    <line>
      <![CDATA[ ########## Launch ACS Home page ENDS ###########]]>
    </line>
    <line>
      <![CDATA[ ########## Verify Login Page STARTS ###########]]>
    </line>
    <line>
      <![CDATA[ ########## Verify Login Page ENDS ###########]]>
    </line>
    <line>
      <![CDATA[ ########## Verify Login page STARTS ###########]]>
    </line>
    <line>
      <![CDATA[ ########## Verify Login page ENDS ###########]]>
    </line>
  </reporter-output>
  <suite name="com.qait.ACSAutomation.Test.CR1StrategicPlanningQuestionFinal_Test" duration-ms="275947" started-at="2013-12-13T12:54:24Z" finished-at="2013-12-13T12:59:00Z">
    <groups>
    </groups>
    <test name="Command line test" duration-ms="275947" started-at="2013-12-13T12:54:24Z" finished-at="2013-12-13T12:59:00Z">
      <class name="com.qait.ACSAutomation.Test.CR1StrategicPlanningQuestionFinal_Test">
        <test-method status="PASS" signature="initialsettings()[pri:0, instance:com.qait.ACSAutomation.Test.CR1StrategicPlanningQuestionFinal_Test@1546e25]" name="initialsettings" is-config="true" duration-ms="8" started-at="2013-12-13T18:24:24Z" finished-at="2013-12-13T18:24:24Z">
          <reporter-output>
          </reporter-output>
        </test-method> <!-- initialsettings -->
        <test-method status="PASS" signature="setup()[pri:0, instance:com.qait.ACSAutomation.Test.CR1StrategicPlanningQuestionFinal_Test@1546e25]" name="setup" duration-ms="14924" started-at="2013-12-13T18:24:24Z" finished-at="2013-12-13T18:24:39Z">
          <reporter-output>
            <line>
              <![CDATA[ ########## Start browser session STARTS ###########]]>
            </line>
            <line>
              <![CDATA[ ########## Start browser session ENDS ###########]]>
            </line>
          </reporter-output>
        </test-method> <!-- setup -->
        <test-method status="PASS" signature="launchDashboardPage()[pri:0, instance:com.qait.ACSAutomation.Test.CR1StrategicPlanningQuestionFinal_Test@1546e25]" name="launchDashboardPage" duration-ms="12740" started-at="2013-12-13T18:24:39Z" depends-on-methods="com.qait.ACSAutomation.Test.CR1StrategicPlanningQuestionFinal_Test.setup" finished-at="2013-12-13T18:24:51Z">
          <reporter-output>
            <line>
              <![CDATA[ ########## Launch ACS Home page STARTS ###########]]>
            </line>
            <line>
              <![CDATA[ ########## Launch ACS Home page ENDS ###########]]>
            </line>
          </reporter-output>
        </test-method> <!-- launchDashboardPage -->
        <test-method status="PASS" signature="verifyLoginPage()[pri:0, instance:com.qait.ACSAutomation.Test.CR1StrategicPlanningQuestionFinal_Test@1546e25]" name="verifyLoginPage" duration-ms="1288" started-at="2013-12-13T18:24:51Z" depends-on-methods="com.qait.ACSAutomation.Test.CR1StrategicPlanningQuestionFinal_Test.launchDashboardPage" finished-at="2013-12-13T18:24:53Z">
          <reporter-output>
            <line>
              <![CDATA[ ########## Verify Login Page STARTS ###########]]>
            </line>
            <line>
              <![CDATA[ ########## Verify Login Page ENDS ###########]]>
            </line>
          </reporter-output>
        </test-method> <!-- verifyLoginPage -->
        <test-method status="PASS" signature="loginToApplication()[pri:0, instance:com.qait.ACSAutomation.Test.CR1StrategicPlanningQuestionFinal_Test@1546e25]" name="loginToApplication" duration-ms="18122" started-at="2013-12-13T18:24:53Z" depends-on-methods="com.qait.ACSAutomation.Test.CR1StrategicPlanningQuestionFinal_Test.verifyLoginPage" finished-at="2013-12-13T18:25:11Z">
          <reporter-output>
            <line>
              <![CDATA[ ########## Verify Login page STARTS ###########]]>
            </line>
            <line>
              <![CDATA[ ########## Verify Login page ENDS ###########]]>
            </line>
          </reporter-output>
        </test-method> <!-- loginToApplication -->
        <test-method status="PASS" signature="verifyLandingPage()[pri:0, instance:com.qait.ACSAutomation.Test.CR1StrategicPlanningQuestionFinal_Test@1546e25]" name="verifyLandingPage" duration-ms="114" started-at="2013-12-13T18:25:11Z" depends-on-methods="com.qait.ACSAutomation.Test.CR1StrategicPlanningQuestionFinal_Test.loginToApplication" finished-at="2013-12-13T18:25:11Z">
          <reporter-output>
          </reporter-output>
        </test-method> <!-- verifyLandingPage -->
        <test-method status="PASS" signature="clickOnAnnualReportTab()[pri:0, instance:com.qait.ACSAutomation.Test.CR1StrategicPlanningQuestionFinal_Test@1546e25]" name="clickOnAnnualReportTab" duration-ms="10221" started-at="2013-12-13T18:25:11Z" depends-on-methods="com.qait.ACSAutomation.Test.CR1StrategicPlanningQuestionFinal_Test.verifyLandingPage" finished-at="2013-12-13T18:25:21Z">
          <reporter-output>
          </reporter-output>
        </test-method> <!-- clickOnAnnualReportTab -->
        <test-method status="PASS" signature="verifyAnnualReportTabLoaded()[pri:0, instance:com.qait.ACSAutomation.Test.CR1StrategicPlanningQuestionFinal_Test@1546e25]" name="verifyAnnualReportTabLoaded" duration-ms="16" started-at="2013-12-13T18:25:21Z" depends-on-methods="com.qait.ACSAutomation.Test.CR1StrategicPlanningQuestionFinal_Test.clickOnAnnualReportTab" finished-at="2013-12-13T18:25:21Z">
          <reporter-output>
          </reporter-output>
        </test-method> <!-- verifyAnnualReportTabLoaded -->
        <test-method status="PASS" signature="verifyStrategicPlanningQuestionDisplayForLS()[pri:0, instance:com.qait.ACSAutomation.Test.CR1StrategicPlanningQuestionFinal_Test@1546e25]" name="verifyStrategicPlanningQuestionDisplayForLS" duration-ms="20065" started-at="2013-12-13T18:25:21Z" depends-on-methods="com.qait.ACSAutomation.Test.CR1StrategicPlanningQuestionFinal_Test.verifyAnnualReportTabLoaded" finished-at="2013-12-13T18:25:41Z">
          <reporter-output>
          </reporter-output>
        </test-method> <!-- verifyStrategicPlanningQuestionDisplayForLS -->
        <test-method status="PASS" signature="userAllowToAddTheEvent()[pri:0, instance:com.qait.ACSAutomation.Test.CR1StrategicPlanningQuestionFinal_Test@1546e25]" name="userAllowToAddTheEvent" duration-ms="39459" started-at="2013-12-13T18:25:41Z" depends-on-methods="com.qait.ACSAutomation.Test.CR1StrategicPlanningQuestionFinal_Test.verifyStrategicPlanningQuestionDisplayForLS" finished-at="2013-12-13T18:26:21Z">
          <reporter-output>
          </reporter-output>
        </test-method> <!-- userAllowToAddTheEvent -->
        <test-method status="PASS" signature="verifyStrategicPlanningQuestionDisplayForTD()[pri:0, instance:com.qait.ACSAutomation.Test.CR1StrategicPlanningQuestionFinal_Test@1546e25]" name="verifyStrategicPlanningQuestionDisplayForTD" duration-ms="27493" started-at="2013-12-13T18:26:21Z" depends-on-methods="com.qait.ACSAutomation.Test.CR1StrategicPlanningQuestionFinal_Test.verifyStrategicPlanningQuestionDisplayForLS" finished-at="2013-12-13T18:26:48Z">
          <reporter-output>
          </reporter-output>
        </test-method> <!-- verifyStrategicPlanningQuestionDisplayForTD -->
        <test-method status="PASS" signature="verifyEventCreatedAndListedBelowEventHeading()[pri:0, instance:com.qait.ACSAutomation.Test.CR1StrategicPlanningQuestionFinal_Test@1546e25]" name="verifyEventCreatedAndListedBelowEventHeading" duration-ms="20507" started-at="2013-12-13T18:26:48Z" depends-on-methods="com.qait.ACSAutomation.Test.CR1StrategicPlanningQuestionFinal_Test.userAllowToAddTheEvent" finished-at="2013-12-13T18:27:09Z">
          <reporter-output>
          </reporter-output>
        </test-method> <!-- verifyEventCreatedAndListedBelowEventHeading -->
        <test-method status="PASS" signature="verifyQuestionsDisplayUnderAddedEvent()[pri:0, instance:com.qait.ACSAutomation.Test.CR1StrategicPlanningQuestionFinal_Test@1546e25]" name="verifyQuestionsDisplayUnderAddedEvent" duration-ms="7642" started-at="2013-12-13T18:27:09Z" depends-on-methods="com.qait.ACSAutomation.Test.CR1StrategicPlanningQuestionFinal_Test.verifyEventCreatedAndListedBelowEventHeading" finished-at="2013-12-13T18:27:16Z">
          <reporter-output>
          </reporter-output>
        </test-method> <!-- verifyQuestionsDisplayUnderAddedEvent -->
        <test-method status="PASS" signature="verifyEditTabAllowUserToEditEvent()[pri:0, instance:com.qait.ACSAutomation.Test.CR1StrategicPlanningQuestionFinal_Test@1546e25]" name="verifyEditTabAllowUserToEditEvent" duration-ms="18176" started-at="2013-12-13T18:27:16Z" depends-on-methods="com.qait.ACSAutomation.Test.CR1StrategicPlanningQuestionFinal_Test.verifyQuestionsDisplayUnderAddedEvent" finished-at="2013-12-13T18:27:34Z">
          <reporter-output>
          </reporter-output>
        </test-method> <!-- verifyEditTabAllowUserToEditEvent -->
        <test-method status="PASS" signature="verifyUserAllowedEditFromDropDown()[pri:0, instance:com.qait.ACSAutomation.Test.CR1StrategicPlanningQuestionFinal_Test@1546e25]" name="verifyUserAllowedEditFromDropDown" duration-ms="33310" started-at="2013-12-13T18:27:34Z" depends-on-methods="com.qait.ACSAutomation.Test.CR1StrategicPlanningQuestionFinal_Test.verifyEditTabAllowUserToEditEvent" finished-at="2013-12-13T18:28:08Z">
          <reporter-output>
          </reporter-output>
        </test-method> <!-- verifyUserAllowedEditFromDropDown -->
        <test-method status="PASS" signature="verifyQuestionsDisplayForPastYear()[pri:0, instance:com.qait.ACSAutomation.Test.CR1StrategicPlanningQuestionFinal_Test@1546e25]" name="verifyQuestionsDisplayForPastYear" duration-ms="51844" started-at="2013-12-13T18:28:08Z" depends-on-methods="com.qait.ACSAutomation.Test.CR1StrategicPlanningQuestionFinal_Test.verifyUserAllowedEditFromDropDown" finished-at="2013-12-13T18:29:00Z">
          <reporter-output>
          </reporter-output>
        </test-method> <!-- verifyQuestionsDisplayForPastYear -->
      </class> <!-- com.qait.ACSAutomation.Test.CR1StrategicPlanningQuestionFinal_Test -->
    </test> <!-- Command line test -->
  </suite> <!-- com.qait.ACSAutomation.Test.CR1StrategicPlanningQuestionFinal_Test -->
</testng-results>
