<?xml version="1.0" encoding="UTF-8"?>
<!-- Generated by org.testng.reporters.JUnitXMLReporter -->
<testsuite hostname="DLLB0015" name="Default test" tests="15" failures="0" timestamp="13 Dec 2013 07:28:11 GMT" time="454.001" errors="0">
  <testcase name="setup" time="12.192" classname="com.qait.ACSAutomation.Test.CR1StrategicPlanningQuestionFinal_Test"/>
  <testcase name="launchDashboardPage" time="18.833" classname="com.qait.ACSAutomation.Test.CR1StrategicPlanningQuestionFinal_Test"/>
  <testcase name="verifyLoginPage" time="1.252" classname="com.qait.ACSAutomation.Test.CR1StrategicPlanningQuestionFinal_Test"/>
  <testcase name="loginToApplication" time="24.29" classname="com.qait.ACSAutomation.Test.CR1StrategicPlanningQuestionFinal_Test"/>
  <testcase name="verifyLandingPage" time="0.047" classname="com.qait.ACSAutomation.Test.CR1StrategicPlanningQuestionFinal_Test"/>
  <testcase name="clickOnAnnualReportTab" time="14.618" classname="com.qait.ACSAutomation.Test.CR1StrategicPlanningQuestionFinal_Test"/>
  <testcase name="verifyAnnualReportTabLoaded" time="0.022" classname="com.qait.ACSAutomation.Test.CR1StrategicPlanningQuestionFinal_Test"/>
  <testcase name="verifyStrategicPlanningQuestionDisplayForLS" time="32.547" classname="com.qait.ACSAutomation.Test.CR1StrategicPlanningQuestionFinal_Test"/>
  <testcase name="userAllowToAddTheEvent" time="64.054" classname="com.qait.ACSAutomation.Test.CR1StrategicPlanningQuestionFinal_Test"/>
  <testcase name="verifyStrategicPlanningQuestionDisplayForTD" time="45.903" classname="com.qait.ACSAutomation.Test.CR1StrategicPlanningQuestionFinal_Test"/>
  <testcase name="verifyEventCreatedAndListedBelowEventHeading" time="43.296" classname="com.qait.ACSAutomation.Test.CR1StrategicPlanningQuestionFinal_Test"/>
  <testcase name="verifyQuestionsDisplayUnderAddedEvent" time="17.855" classname="com.qait.ACSAutomation.Test.CR1StrategicPlanningQuestionFinal_Test"/>
  <testcase name="verifyEditTabAllowUserToEditEvent" time="35.684" classname="com.qait.ACSAutomation.Test.CR1StrategicPlanningQuestionFinal_Test"/>
  <testcase name="verifyUserAllowedEditFromDropDown" time="56.908" classname="com.qait.ACSAutomation.Test.CR1StrategicPlanningQuestionFinal_Test"/>
  <testcase name="verifyQuestionsDisplayForPastYear" time="86.476" classname="com.qait.ACSAutomation.Test.CR1StrategicPlanningQuestionFinal_Test"/>
</testsuite> <!-- Default test -->
